生成启动时间为 2017/4/26 22:45:12。
     1>项目“F:\vs\projetct\迷宫\迷宫\迷宫.vcxproj”在节点 2 上(Build 个目标)。
     1>ClCompile:
         F:\vs\VC\bin\CL.exe /c /ZI /nologo /W3 /WX- /Od /Oy- /D WIN32 /D _DEBUG /D _CONSOLE /D _LIB /D _UNICODE /D UNICODE /Gm /EHsc /RTC1 /MT /GS /fp:precise /Zc:wchar_t /Zc:forScope /Fo"Debug\\" /Fd"Debug\vc120.pdb" /Gd /TP /analyze- /errorReport:prompt "源.cpp"
         源.cpp
     1>f:\vs\projetct\迷宫\迷宫\源.cpp(130): error C3861: “InitGame”:  找不到标识符
     1>f:\vs\projetct\迷宫\迷宫\源.cpp(150): warning C4091: “”: 没有声明变量时忽略“void”的左侧
     1>f:\vs\projetct\迷宫\迷宫\源.cpp(150): fatal error C1004: 发现意外的文件尾
     1>已完成生成项目“F:\vs\projetct\迷宫\迷宫\迷宫.vcxproj”(Build 个目标)的操作 - 失败。

生成失败。

已用时间 00:00:00.40
